<?xml version="1.0" encoding="UTF-8"?>
<testsuites name="Demo" time="63.192" tests="4" failures="0" skips="0" errors="0">
   <testsuite name="Demo" tests="4" failures="0" errors="0" time="63.192" skips="0" timestamp="2020-12-18 02:50:17" hostname="young - 10.0.0.57" id="Test Suites/Demo">
      <properties>
         <property name="deviceName" value=""/>
         <property name="devicePlatform" value=""/>
         <property name="logFolder" value="C:\\Users\\young\\Desktop\\Master of Software Engineering\\SEIS635_SoftwareAnalysisandDesign\\KatalonStudio_Project\\Google_CreateNewAccount\\Reports\\20201218_025012\\Demo\\20201218_025012"/>
         <property name="logFiles" value="C:\\Users\\young\\Desktop\\Master of Software Engineering\\SEIS635_SoftwareAnalysisandDesign\\KatalonStudio_Project\\Google_CreateNewAccount\\Reports\\20201218_025012\\Demo\\20201218_025012\\execution0.log"/>
         <property name="attachments" value="C:\\Users\\young\\Desktop\\Master of Software Engineering\\SEIS635_SoftwareAnalysisandDesign\\KatalonStudio_Project\\Google_CreateNewAccount\\Reports\\20201218_025012\\Demo\\20201218_025012\\Screenshots/screenshotAfterLogin18Dec2020_025035.png"/>
         <property name="hostName" value="young - 10.0.0.57"/>
         <property name="os" value="Windows 10 64bit"/>
         <property name="katalonVersion" value="7.8.1.208"/>
         <property name="browser" value="Chrome 87.0.4280.88"/>
         <property name="hostAddress" value="10.0.0.57"/>
         <property name="sessionId" value="90d9096712894560ef1bf53dbfdc8382"/>
         <property name="seleniumVersion" value="3.141.59"/>
         <property name="proxyInformation" value="ProxyInformation { proxyOption=NO_PROXY, proxyServerType=HTTP, username=, password=********, proxyServerAddress=, proxyServerPort=0, executionList=&quot;&quot;, isApplyToDesiredCapabilities=true }"/>
         <property name="platform" value="Windows 10"/>
      </properties>
      <testcase name="Test Cases/Login_ValidUserNameInvalidPassword" time="9.356" classname="Test Cases/Login_ValidUserNameInvalidPassword" status="PASSED">
         <system-out><![CDATA[2020-12-18 02:50:18 - [TEST_CASE][PASSED] - Test Cases/Login_ValidUserNameInvalidPassword: Test Cases/Login_ValidUserNameInvalidPassword

2020-12-18 02:50:19 - [TEST_STEP][PASSED] - openBrowser(""): Browser is opened with url: ''

2020-12-18 02:50:19 - [MESSAGE][INFO] - Starting 'Chrome' driver

2020-12-18 02:50:19 - [MESSAGE][INFO] - Action delay is set to 0 milliseconds

2020-12-18 02:50:24 - [MESSAGE][PASSED] - Browser is opened with url: ''

2020-12-18 02:50:24 - [TEST_STEP][PASSED] - navigateToUrl("https://www.saucedemo.com/"): Navigate to 'https://www.saucedemo.com/' successfully

2020-12-18 02:50:25 - [MESSAGE][PASSED] - Navigate to 'https://www.saucedemo.com/' successfully

2020-12-18 02:50:25 - [TEST_STEP][PASSED] - setText(findTestObject("LoginPage/input_UserName"), "standard_user"): Text 'standard_user' is set on object 'Object Repository/LoginPage/input_UserName'

2020-12-18 02:50:26 - [MESSAGE][PASSED] - Text 'standard_user' is set on object 'Object Repository/LoginPage/input_UserName'

2020-12-18 02:50:26 - [TEST_STEP][PASSED] - setEncryptedText(findTestObject("LoginPage/input_Password"), "vOA0cDqQbrFcFaFUEJlNrQ=="): Text ****** has been set on object 'Object Repository/LoginPage/input_Password'

2020-12-18 02:50:26 - [MESSAGE][PASSED] - Text ****** has been set on object 'Object Repository/LoginPage/input_Password'

2020-12-18 02:50:26 - [TEST_STEP][PASSED] - click(findTestObject("LoginPage/button_Login")): Object: 'Object Repository/LoginPage/button_Login' is clicked on

2020-12-18 02:50:26 - [MESSAGE][PASSED] - Object: 'Object Repository/LoginPage/button_Login' is clicked on

2020-12-18 02:50:26 - [TEST_STEP][PASSED] - click(findTestObject("LoginPage/message_UseNameAndPasswordDoNotMatch")): Object: 'Object Repository/LoginPage/message_UseNameAndPasswordDoNotMatch' is clicked on

2020-12-18 02:50:27 - [MESSAGE][PASSED] - Object: 'Object Repository/LoginPage/message_UseNameAndPasswordDoNotMatch' is clicked on

2020-12-18 02:50:27 - [TEST_STEP][PASSED] - closeBrowser(): Browser is closed

2020-12-18 02:50:28 - [MESSAGE][PASSED] - Browser is closed]]></system-out>
         <system-err><![CDATA[]]></system-err>
      </testcase>
      <testcase name="Test Cases/Login_ValidUserNameValidPassword" time="18.149" classname="Test Cases/Login_ValidUserNameValidPassword" status="PASSED">
         <system-out><![CDATA[2020-12-18 02:50:28 - [TEST_CASE][PASSED] - Test Cases/Login_ValidUserNameValidPassword: Test Cases/Login_ValidUserNameValidPassword

2020-12-18 02:50:28 - [TEST_STEP][PASSED] - openBrowser(""): Browser is opened with url: ''

2020-12-18 02:50:28 - [MESSAGE][INFO] - Starting 'Chrome' driver

2020-12-18 02:50:28 - [MESSAGE][INFO] - Action delay is set to 0 milliseconds

2020-12-18 02:50:32 - [MESSAGE][PASSED] - Browser is opened with url: ''

2020-12-18 02:50:32 - [TEST_STEP][PASSED] - navigateToUrl("https://www.saucedemo.com/"): Navigate to 'https://www.saucedemo.com/' successfully

2020-12-18 02:50:33 - [MESSAGE][PASSED] - Navigate to 'https://www.saucedemo.com/' successfully

2020-12-18 02:50:33 - [TEST_STEP][PASSED] - setText(findTestObject("LoginPage/input_UserName"), "standard_user"): Text 'standard_user' is set on object 'Object Repository/LoginPage/input_UserName'

2020-12-18 02:50:33 - [MESSAGE][PASSED] - Text 'standard_user' is set on object 'Object Repository/LoginPage/input_UserName'

2020-12-18 02:50:33 - [TEST_STEP][PASSED] - setEncryptedText(findTestObject("LoginPage/input_Password"), "qcu24s4901FyWDTwXGr6XA=="): Text ****** has been set on object 'Object Repository/LoginPage/input_Password'

2020-12-18 02:50:34 - [MESSAGE][PASSED] - Text ****** has been set on object 'Object Repository/LoginPage/input_Password'

2020-12-18 02:50:34 - [TEST_STEP][PASSED] - click(findTestObject("LoginPage/button_Login")): Object: 'Object Repository/LoginPage/button_Login' is clicked on

2020-12-18 02:50:35 - [MESSAGE][PASSED] - Object: 'Object Repository/LoginPage/button_Login' is clicked on

2020-12-18 02:50:35 - [TEST_STEP][PASSED] - today = new java.util.Date(): null

2020-12-18 02:50:35 - [TEST_STEP][PASSED] - todaysDate = today.format("ddMMMyyyy"): null

2020-12-18 02:50:35 - [TEST_STEP][PASSED] - nowTime = today.format("HHmmss"): null

2020-12-18 02:50:35 - [TEST_STEP][PASSED] - takeFullPageScreenshot("Screenshots/screenshotAfterLogin" + todaysDate + "_" + nowTime + ".png"): Taking screenshot successfully

2020-12-18 02:50:45 - [MESSAGE][PASSED] - Taking screenshot successfully
[[ATTACHMENT|C:\\Users\\young\\Desktop\\Master of Software Engineering\\SEIS635_SoftwareAnalysisandDesign\\KatalonStudio_Project\\Google_CreateNewAccount\\Reports\\20201218_025012\\Demo\\20201218_025012\\Screenshots/screenshotAfterLogin18Dec2020_025035.png]]

2020-12-18 02:50:45 - [TEST_STEP][PASSED] - closeBrowser(): Browser is closed

2020-12-18 02:50:46 - [MESSAGE][PASSED] - Browser is closed]]></system-out>
         <system-err><![CDATA[]]></system-err>
      </testcase>
      <testcase name="Test Cases/PlaceOrder_DifferentZipCode" time="17.09" classname="Test Cases/PlaceOrder_DifferentZipCode" status="PASSED">
         <system-out><![CDATA[2020-12-18 02:50:46 - [TEST_CASE][PASSED] - Test Cases/PlaceOrder_DifferentZipCode: Test Cases/PlaceOrder_DifferentZipCode

2020-12-18 02:50:46 - [TEST_STEP][PASSED] - openBrowser(""): Browser is opened with url: ''

2020-12-18 02:50:46 - [MESSAGE][INFO] - Starting 'Chrome' driver

2020-12-18 02:50:46 - [MESSAGE][INFO] - Action delay is set to 0 milliseconds

2020-12-18 02:50:50 - [MESSAGE][PASSED] - Browser is opened with url: ''

2020-12-18 02:50:50 - [TEST_STEP][PASSED] - navigateToUrl("https://www.saucedemo.com/"): Navigate to 'https://www.saucedemo.com/' successfully

2020-12-18 02:50:51 - [MESSAGE][PASSED] - Navigate to 'https://www.saucedemo.com/' successfully

2020-12-18 02:50:51 - [TEST_STEP][PASSED] - setText(findTestObject("LoginPage/input_UserName"), "standard_user"): Text 'standard_user' is set on object 'Object Repository/LoginPage/input_UserName'

2020-12-18 02:50:52 - [MESSAGE][PASSED] - Text 'standard_user' is set on object 'Object Repository/LoginPage/input_UserName'

2020-12-18 02:50:52 - [TEST_STEP][PASSED] - setEncryptedText(findTestObject("LoginPage/input_Password"), "qcu24s4901FyWDTwXGr6XA=="): Text ****** has been set on object 'Object Repository/LoginPage/input_Password'

2020-12-18 02:50:52 - [MESSAGE][PASSED] - Text ****** has been set on object 'Object Repository/LoginPage/input_Password'

2020-12-18 02:50:52 - [TEST_STEP][PASSED] - click(findTestObject("LoginPage/button_Login")): Object: 'Object Repository/LoginPage/button_Login' is clicked on

2020-12-18 02:50:53 - [MESSAGE][PASSED] - Object: 'Object Repository/LoginPage/button_Login' is clicked on

2020-12-18 02:50:53 - [TEST_STEP][PASSED] - click(findTestObject("ProductCatalogPage/button_AddToOrder_SauceabsBackpack")): Object: 'Object Repository/ProductCatalogPage/button_AddToOrder_SauceabsBackpack' is clicked on

2020-12-18 02:50:54 - [MESSAGE][PASSED] - Object: 'Object Repository/ProductCatalogPage/button_AddToOrder_SauceabsBackpack' is clicked on

2020-12-18 02:50:54 - [TEST_STEP][PASSED] - click(findTestObject("ProductCatalogPage/link_GoToCart")): Object: 'Object Repository/ProductCatalogPage/link_GoToCart' is clicked on

2020-12-18 02:50:57 - [MESSAGE][PASSED] - Object: 'Object Repository/ProductCatalogPage/link_GoToCart' is clicked on

2020-12-18 02:50:57 - [TEST_STEP][PASSED] - click(findTestObject("YourCartPage/button_CheckOut")): Object: 'Object Repository/YourCartPage/button_CheckOut' is clicked on

2020-12-18 02:50:57 - [MESSAGE][PASSED] - Object: 'Object Repository/YourCartPage/button_CheckOut' is clicked on

2020-12-18 02:50:57 - [TEST_STEP][PASSED] - setText(findTestObject("YourInformationPage/input_FirstName"), firstName): Text 'UI' is set on object 'Object Repository/YourInformationPage/input_FirstName'

2020-12-18 02:50:58 - [MESSAGE][PASSED] - Text 'UI' is set on object 'Object Repository/YourInformationPage/input_FirstName'

2020-12-18 02:50:58 - [TEST_STEP][PASSED] - setText(findTestObject("YourInformationPage/input_LastName"), lastName): Text 'Tester1' is set on object 'Object Repository/YourInformationPage/input_LastName'

2020-12-18 02:50:59 - [MESSAGE][PASSED] - Text 'Tester1' is set on object 'Object Repository/YourInformationPage/input_LastName'

2020-12-18 02:50:59 - [TEST_STEP][PASSED] - setText(findTestObject("YourInformationPage/input_ZipCode"), zip): Text '96785' is set on object 'Object Repository/YourInformationPage/input_ZipCode'

2020-12-18 02:50:59 - [MESSAGE][PASSED] - Text '96785' is set on object 'Object Repository/YourInformationPage/input_ZipCode'

2020-12-18 02:50:59 - [TEST_STEP][PASSED] - click(findTestObject("YourInformationPage/button_Continue")): Object: 'Object Repository/YourInformationPage/button_Continue' is clicked on

2020-12-18 02:51:00 - [MESSAGE][PASSED] - Object: 'Object Repository/YourInformationPage/button_Continue' is clicked on

2020-12-18 02:51:00 - [TEST_STEP][PASSED] - paymentInfo = getText(findTestObject("CheckoutPage/text_PaymentInfo")): Text of object 'Object Repository/CheckoutPage/text_PaymentInfo' is: 'SauceCard #31337'

2020-12-18 02:51:00 - [MESSAGE][PASSED] - Text of object 'Object Repository/CheckoutPage/text_PaymentInfo' is: 'SauceCard #31337'

2020-12-18 02:51:00 - [TEST_STEP][PASSED] - shippingInfo = getText(findTestObject("CheckoutPage/text_ShippingInfo")): Text of object 'Object Repository/CheckoutPage/text_ShippingInfo' is: 'FREE PONY EXPRESS DELIVERY!'

2020-12-18 02:51:00 - [MESSAGE][PASSED] - Text of object 'Object Repository/CheckoutPage/text_ShippingInfo' is: 'FREE PONY EXPRESS DELIVERY!'

2020-12-18 02:51:00 - [TEST_STEP][PASSED] - itemTotal = getText(findTestObject("CheckoutPage/text_ItemTotal")): Text of object 'Object Repository/CheckoutPage/text_ItemTotal' is: 'Item total: $29.99'

2020-12-18 02:51:01 - [MESSAGE][PASSED] - Text of object 'Object Repository/CheckoutPage/text_ItemTotal' is: 'Item total: $29.99'

2020-12-18 02:51:01 - [TEST_STEP][PASSED] - tax = getText(findTestObject("CheckoutPage/text_Tax")): Text of object 'Object Repository/CheckoutPage/text_Tax' is: 'Tax: $2.40'

2020-12-18 02:51:01 - [MESSAGE][PASSED] - Text of object 'Object Repository/CheckoutPage/text_Tax' is: 'Tax: $2.40'

2020-12-18 02:51:01 - [TEST_STEP][PASSED] - total = getText(findTestObject("CheckoutPage/text_Total")): Text of object 'Object Repository/CheckoutPage/text_Total' is: 'Total: $32.39'

2020-12-18 02:51:01 - [MESSAGE][PASSED] - Text of object 'Object Repository/CheckoutPage/text_Total' is: 'Total: $32.39'

2020-12-18 02:51:01 - [TEST_STEP][PASSED] - click(findTestObject("CheckoutPage/button_Finish")): Object: 'Object Repository/CheckoutPage/button_Finish' is clicked on

2020-12-18 02:51:02 - [MESSAGE][PASSED] - Object: 'Object Repository/CheckoutPage/button_Finish' is clicked on

2020-12-18 02:51:02 - [TEST_STEP][PASSED] - click(findTestObject("FinishPage/text_ThankYouForYourOrder")): Object: 'Object Repository/FinishPage/text_ThankYouForYourOrder' is clicked on

2020-12-18 02:51:02 - [MESSAGE][PASSED] - Object: 'Object Repository/FinishPage/text_ThankYouForYourOrder' is clicked on

2020-12-18 02:51:02 - [TEST_STEP][PASSED] - today = new java.util.Date(): null

2020-12-18 02:51:02 - [TEST_STEP][PASSED] - todaysDate = today.format("yyyMMMdd"): null

2020-12-18 02:51:02 - [TEST_STEP][PASSED] - nowTime = today.format("HH:mms:s"): null

2020-12-18 02:51:02 - [TEST_STEP][PASSED] - output = new java.io.File(output.txt): null

2020-12-18 02:51:02 - [TEST_STEP][PASSED] - output.createNewFile(): null

2020-12-18 02:51:02 - [TEST_STEP][PASSED] - text = text + $testID;$firstName;$lastName;$zip;$paymentInfo;$shippingInfo;$itemTotal;$tax;$total;$todaysDate;$nowTime
: null

2020-12-18 02:51:02 - [TEST_STEP][PASSED] - closeBrowser(): Browser is closed

2020-12-18 02:51:03 - [MESSAGE][PASSED] - Browser is closed]]></system-out>
         <system-err><![CDATA[]]></system-err>
      </testcase>
      <testcase name="Test Cases/PlaceOrder_DifferentZipCode" time="16.841" classname="Test Cases/PlaceOrder_DifferentZipCode" status="PASSED">
         <system-out><![CDATA[2020-12-18 02:51:03 - [TEST_CASE][PASSED] - Test Cases/PlaceOrder_DifferentZipCode: Test Cases/PlaceOrder_DifferentZipCode

2020-12-18 02:51:03 - [TEST_STEP][PASSED] - openBrowser(""): Browser is opened with url: ''

2020-12-18 02:51:03 - [MESSAGE][INFO] - Starting 'Chrome' driver

2020-12-18 02:51:03 - [MESSAGE][INFO] - Action delay is set to 0 milliseconds

2020-12-18 02:51:07 - [MESSAGE][PASSED] - Browser is opened with url: ''

2020-12-18 02:51:07 - [TEST_STEP][PASSED] - navigateToUrl("https://www.saucedemo.com/"): Navigate to 'https://www.saucedemo.com/' successfully

2020-12-18 02:51:08 - [MESSAGE][PASSED] - Navigate to 'https://www.saucedemo.com/' successfully

2020-12-18 02:51:08 - [TEST_STEP][PASSED] - setText(findTestObject("LoginPage/input_UserName"), "standard_user"): Text 'standard_user' is set on object 'Object Repository/LoginPage/input_UserName'

2020-12-18 02:51:09 - [MESSAGE][PASSED] - Text 'standard_user' is set on object 'Object Repository/LoginPage/input_UserName'

2020-12-18 02:51:09 - [TEST_STEP][PASSED] - setEncryptedText(findTestObject("LoginPage/input_Password"), "qcu24s4901FyWDTwXGr6XA=="): Text ****** has been set on object 'Object Repository/LoginPage/input_Password'

2020-12-18 02:51:09 - [MESSAGE][PASSED] - Text ****** has been set on object 'Object Repository/LoginPage/input_Password'

2020-12-18 02:51:09 - [TEST_STEP][PASSED] - click(findTestObject("LoginPage/button_Login")): Object: 'Object Repository/LoginPage/button_Login' is clicked on

2020-12-18 02:51:10 - [MESSAGE][PASSED] - Object: 'Object Repository/LoginPage/button_Login' is clicked on

2020-12-18 02:51:10 - [TEST_STEP][PASSED] - click(findTestObject("ProductCatalogPage/button_AddToOrder_SauceabsBackpack")): Object: 'Object Repository/ProductCatalogPage/button_AddToOrder_SauceabsBackpack' is clicked on

2020-12-18 02:51:10 - [MESSAGE][PASSED] - Object: 'Object Repository/ProductCatalogPage/button_AddToOrder_SauceabsBackpack' is clicked on

2020-12-18 02:51:10 - [TEST_STEP][PASSED] - click(findTestObject("ProductCatalogPage/link_GoToCart")): Object: 'Object Repository/ProductCatalogPage/link_GoToCart' is clicked on

2020-12-18 02:51:13 - [MESSAGE][PASSED] - Object: 'Object Repository/ProductCatalogPage/link_GoToCart' is clicked on

2020-12-18 02:51:13 - [TEST_STEP][PASSED] - click(findTestObject("YourCartPage/button_CheckOut")): Object: 'Object Repository/YourCartPage/button_CheckOut' is clicked on

2020-12-18 02:51:14 - [MESSAGE][PASSED] - Object: 'Object Repository/YourCartPage/button_CheckOut' is clicked on

2020-12-18 02:51:14 - [TEST_STEP][PASSED] - setText(findTestObject("YourInformationPage/input_FirstName"), firstName): Text 'UI' is set on object 'Object Repository/YourInformationPage/input_FirstName'

2020-12-18 02:51:15 - [MESSAGE][PASSED] - Text 'UI' is set on object 'Object Repository/YourInformationPage/input_FirstName'

2020-12-18 02:51:15 - [TEST_STEP][PASSED] - setText(findTestObject("YourInformationPage/input_LastName"), lastName): Text 'Tester2' is set on object 'Object Repository/YourInformationPage/input_LastName'

2020-12-18 02:51:16 - [MESSAGE][PASSED] - Text 'Tester2' is set on object 'Object Repository/YourInformationPage/input_LastName'

2020-12-18 02:51:16 - [TEST_STEP][PASSED] - setText(findTestObject("YourInformationPage/input_ZipCode"), zip): Text '99587' is set on object 'Object Repository/YourInformationPage/input_ZipCode'

2020-12-18 02:51:16 - [MESSAGE][PASSED] - Text '99587' is set on object 'Object Repository/YourInformationPage/input_ZipCode'

2020-12-18 02:51:16 - [TEST_STEP][PASSED] - click(findTestObject("YourInformationPage/button_Continue")): Object: 'Object Repository/YourInformationPage/button_Continue' is clicked on

2020-12-18 02:51:17 - [MESSAGE][PASSED] - Object: 'Object Repository/YourInformationPage/button_Continue' is clicked on

2020-12-18 02:51:17 - [TEST_STEP][PASSED] - paymentInfo = getText(findTestObject("CheckoutPage/text_PaymentInfo")): Text of object 'Object Repository/CheckoutPage/text_PaymentInfo' is: 'SauceCard #31337'

2020-12-18 02:51:17 - [MESSAGE][PASSED] - Text of object 'Object Repository/CheckoutPage/text_PaymentInfo' is: 'SauceCard #31337'

2020-12-18 02:51:17 - [TEST_STEP][PASSED] - shippingInfo = getText(findTestObject("CheckoutPage/text_ShippingInfo")): Text of object 'Object Repository/CheckoutPage/text_ShippingInfo' is: 'FREE PONY EXPRESS DELIVERY!'

2020-12-18 02:51:17 - [MESSAGE][PASSED] - Text of object 'Object Repository/CheckoutPage/text_ShippingInfo' is: 'FREE PONY EXPRESS DELIVERY!'

2020-12-18 02:51:17 - [TEST_STEP][PASSED] - itemTotal = getText(findTestObject("CheckoutPage/text_ItemTotal")): Text of object 'Object Repository/CheckoutPage/text_ItemTotal' is: 'Item total: $29.99'

2020-12-18 02:51:18 - [MESSAGE][PASSED] - Text of object 'Object Repository/CheckoutPage/text_ItemTotal' is: 'Item total: $29.99'

2020-12-18 02:51:18 - [TEST_STEP][PASSED] - tax = getText(findTestObject("CheckoutPage/text_Tax")): Text of object 'Object Repository/CheckoutPage/text_Tax' is: 'Tax: $2.40'

2020-12-18 02:51:18 - [MESSAGE][PASSED] - Text of object 'Object Repository/CheckoutPage/text_Tax' is: 'Tax: $2.40'

2020-12-18 02:51:18 - [TEST_STEP][PASSED] - total = getText(findTestObject("CheckoutPage/text_Total")): Text of object 'Object Repository/CheckoutPage/text_Total' is: 'Total: $32.39'

2020-12-18 02:51:18 - [MESSAGE][PASSED] - Text of object 'Object Repository/CheckoutPage/text_Total' is: 'Total: $32.39'

2020-12-18 02:51:18 - [TEST_STEP][PASSED] - click(findTestObject("CheckoutPage/button_Finish")): Object: 'Object Repository/CheckoutPage/button_Finish' is clicked on

2020-12-18 02:51:19 - [MESSAGE][PASSED] - Object: 'Object Repository/CheckoutPage/button_Finish' is clicked on

2020-12-18 02:51:19 - [TEST_STEP][PASSED] - click(findTestObject("FinishPage/text_ThankYouForYourOrder")): Object: 'Object Repository/FinishPage/text_ThankYouForYourOrder' is clicked on

2020-12-18 02:51:19 - [MESSAGE][PASSED] - Object: 'Object Repository/FinishPage/text_ThankYouForYourOrder' is clicked on

2020-12-18 02:51:19 - [TEST_STEP][PASSED] - today = new java.util.Date(): null

2020-12-18 02:51:19 - [TEST_STEP][PASSED] - todaysDate = today.format("yyyMMMdd"): null

2020-12-18 02:51:19 - [TEST_STEP][PASSED] - nowTime = today.format("HH:mms:s"): null

2020-12-18 02:51:19 - [TEST_STEP][PASSED] - output = new java.io.File(output.txt): null

2020-12-18 02:51:19 - [TEST_STEP][PASSED] - output.createNewFile(): null

2020-12-18 02:51:19 - [TEST_STEP][PASSED] - text = text + $testID;$firstName;$lastName;$zip;$paymentInfo;$shippingInfo;$itemTotal;$tax;$total;$todaysDate;$nowTime
: null

2020-12-18 02:51:19 - [TEST_STEP][PASSED] - closeBrowser(): Browser is closed

2020-12-18 02:51:20 - [MESSAGE][PASSED] - Browser is closed]]></system-out>
         <system-err><![CDATA[]]></system-err>
      </testcase>
      <system-out><![CDATA[2020-12-18 02:50:17 - [TEST_SUITE][INCOMPLETE] - Demo: null]]></system-out>
      <system-err><![CDATA[2020-12-18 02:50:17 - [TEST_SUITE][INCOMPLETE] - Demo: null]]></system-err>
   </testsuite>
</testsuites>
