<?xml version="1.0" encoding="UTF-8"?>
<testsuites name="Demo" time="133.11" tests="8" failures="0" skips="0" errors="0">
   <testsuite name="Demo" tests="8" failures="0" errors="0" time="133.11" skips="0" timestamp="2020-12-18 01:30:52" hostname="young - 10.0.0.57" id="Test Suites/Demo">
      <properties>
         <property name="deviceName" value=""/>
         <property name="devicePlatform" value=""/>
         <property name="logFolder" value="C:\\Users\\young\\Desktop\\Master of Software Engineering\\SEIS635_SoftwareAnalysisandDesign\\KatalonStudio_Project\\Google_CreateNewAccount\\Reports\\20201218_013047\\Demo\\20201218_013047"/>
         <property name="logFiles" value="C:\\Users\\young\\Desktop\\Master of Software Engineering\\SEIS635_SoftwareAnalysisandDesign\\KatalonStudio_Project\\Google_CreateNewAccount\\Reports\\20201218_013047\\Demo\\20201218_013047\\execution0.log"/>
         <property name="attachments" value="C:\\Users\\young\\Desktop\\Master of Software Engineering\\SEIS635_SoftwareAnalysisandDesign\\KatalonStudio_Project\\Google_CreateNewAccount\\Reports\\20201218_013047\\Demo\\20201218_013047\\Screenshots/screenshotAfterLogin18Dec2020_013111.png"/>
         <property name="hostName" value="young - 10.0.0.57"/>
         <property name="os" value="Windows 10 64bit"/>
         <property name="katalonVersion" value="7.8.1.208"/>
         <property name="browser" value="Chrome 87.0.4280.88"/>
         <property name="hostAddress" value="10.0.0.57"/>
         <property name="sessionId" value="90b9eef4a0c41557811af746ea56d048"/>
         <property name="seleniumVersion" value="3.141.59"/>
         <property name="proxyInformation" value="ProxyInformation { proxyOption=NO_PROXY, proxyServerType=HTTP, username=, password=********, proxyServerAddress=, proxyServerPort=0, executionList=&quot;&quot;, isApplyToDesiredCapabilities=true }"/>
         <property name="platform" value="Windows 10"/>
      </properties>
      <testcase name="Test Cases/Login_ValidUserNameInvalidPassword" time="10.597" classname="Test Cases/Login_ValidUserNameInvalidPassword" status="PASSED">
         <system-out><![CDATA[2020-12-18 01:30:54 - [TEST_CASE][PASSED] - Test Cases/Login_ValidUserNameInvalidPassword: Test Cases/Login_ValidUserNameInvalidPassword

2020-12-18 01:30:54 - [TEST_STEP][PASSED] - openBrowser(""): Browser is opened with url: ''

2020-12-18 01:30:55 - [MESSAGE][INFO] - Starting 'Chrome' driver

2020-12-18 01:30:55 - [MESSAGE][INFO] - Action delay is set to 0 milliseconds

2020-12-18 01:30:59 - [MESSAGE][PASSED] - Browser is opened with url: ''

2020-12-18 01:30:59 - [TEST_STEP][PASSED] - navigateToUrl("https://www.saucedemo.com/"): Navigate to 'https://www.saucedemo.com/' successfully

2020-12-18 01:31:00 - [MESSAGE][PASSED] - Navigate to 'https://www.saucedemo.com/' successfully

2020-12-18 01:31:00 - [TEST_STEP][PASSED] - setText(findTestObject("LoginPage/input_UserName"), "standard_user"): Text 'standard_user' is set on object 'Object Repository/LoginPage/input_UserName'

2020-12-18 01:31:01 - [MESSAGE][PASSED] - Text 'standard_user' is set on object 'Object Repository/LoginPage/input_UserName'

2020-12-18 01:31:01 - [TEST_STEP][PASSED] - setEncryptedText(findTestObject("LoginPage/input_Password"), "vOA0cDqQbrFcFaFUEJlNrQ=="): Text ****** has been set on object 'Object Repository/LoginPage/input_Password'

2020-12-18 01:31:02 - [MESSAGE][PASSED] - Text ****** has been set on object 'Object Repository/LoginPage/input_Password'

2020-12-18 01:31:02 - [TEST_STEP][PASSED] - click(findTestObject("LoginPage/button_Login")): Object: 'Object Repository/LoginPage/button_Login' is clicked on

2020-12-18 01:31:02 - [MESSAGE][PASSED] - Object: 'Object Repository/LoginPage/button_Login' is clicked on

2020-12-18 01:31:02 - [TEST_STEP][PASSED] - click(findTestObject("LoginPage/message_UseNameAndPasswordDoNotMatch")): Object: 'Object Repository/LoginPage/message_UseNameAndPasswordDoNotMatch' is clicked on

2020-12-18 01:31:03 - [MESSAGE][PASSED] - Object: 'Object Repository/LoginPage/message_UseNameAndPasswordDoNotMatch' is clicked on

2020-12-18 01:31:03 - [TEST_STEP][PASSED] - closeBrowser(): Browser is closed

2020-12-18 01:31:04 - [MESSAGE][PASSED] - Browser is closed]]></system-out>
         <system-err><![CDATA[]]></system-err>
      </testcase>
      <testcase name="Test Cases/Login_ValidUserNameValidPassword" time="18.382" classname="Test Cases/Login_ValidUserNameValidPassword" status="PASSED">
         <system-out><![CDATA[2020-12-18 01:31:04 - [TEST_CASE][PASSED] - Test Cases/Login_ValidUserNameValidPassword: Test Cases/Login_ValidUserNameValidPassword

2020-12-18 01:31:05 - [TEST_STEP][PASSED] - openBrowser(""): Browser is opened with url: ''

2020-12-18 01:31:05 - [MESSAGE][INFO] - Starting 'Chrome' driver

2020-12-18 01:31:05 - [MESSAGE][INFO] - Action delay is set to 0 milliseconds

2020-12-18 01:31:08 - [MESSAGE][PASSED] - Browser is opened with url: ''

2020-12-18 01:31:08 - [TEST_STEP][PASSED] - navigateToUrl("https://www.saucedemo.com/"): Navigate to 'https://www.saucedemo.com/' successfully

2020-12-18 01:31:09 - [MESSAGE][PASSED] - Navigate to 'https://www.saucedemo.com/' successfully

2020-12-18 01:31:10 - [TEST_STEP][PASSED] - setText(findTestObject("LoginPage/input_UserName"), "standard_user"): Text 'standard_user' is set on object 'Object Repository/LoginPage/input_UserName'

2020-12-18 01:31:10 - [MESSAGE][PASSED] - Text 'standard_user' is set on object 'Object Repository/LoginPage/input_UserName'

2020-12-18 01:31:10 - [TEST_STEP][PASSED] - setEncryptedText(findTestObject("LoginPage/input_Password"), "qcu24s4901FyWDTwXGr6XA=="): Text ****** has been set on object 'Object Repository/LoginPage/input_Password'

2020-12-18 01:31:11 - [MESSAGE][PASSED] - Text ****** has been set on object 'Object Repository/LoginPage/input_Password'

2020-12-18 01:31:11 - [TEST_STEP][PASSED] - click(findTestObject("LoginPage/button_Login")): Object: 'Object Repository/LoginPage/button_Login' is clicked on

2020-12-18 01:31:11 - [MESSAGE][PASSED] - Object: 'Object Repository/LoginPage/button_Login' is clicked on

2020-12-18 01:31:11 - [TEST_STEP][PASSED] - today = new java.util.Date(): null

2020-12-18 01:31:11 - [TEST_STEP][PASSED] - todaysDate = today.format("ddMMMyyyy"): null

2020-12-18 01:31:11 - [TEST_STEP][PASSED] - nowTime = today.format("HHmmss"): null

2020-12-18 01:31:11 - [TEST_STEP][PASSED] - takeFullPageScreenshot("Screenshots/screenshotAfterLogin" + todaysDate + "_" + nowTime + ".png"): Taking screenshot successfully

2020-12-18 01:31:22 - [MESSAGE][PASSED] - Taking screenshot successfully
[[ATTACHMENT|C:\\Users\\young\\Desktop\\Master of Software Engineering\\SEIS635_SoftwareAnalysisandDesign\\KatalonStudio_Project\\Google_CreateNewAccount\\Reports\\20201218_013047\\Demo\\20201218_013047\\Screenshots/screenshotAfterLogin18Dec2020_013111.png]]

2020-12-18 01:31:22 - [TEST_STEP][PASSED] - closeBrowser(): Browser is closed

2020-12-18 01:31:23 - [MESSAGE][PASSED] - Browser is closed]]></system-out>
         <system-err><![CDATA[]]></system-err>
      </testcase>
      <testcase name="Test Cases/PlaceOrder_DifferentZipCode" time="17.499" classname="Test Cases/PlaceOrder_DifferentZipCode" status="PASSED">
         <system-out><![CDATA[2020-12-18 01:31:23 - [TEST_CASE][PASSED] - Test Cases/PlaceOrder_DifferentZipCode: Test Cases/PlaceOrder_DifferentZipCode

2020-12-18 01:31:23 - [TEST_STEP][PASSED] - openBrowser(""): Browser is opened with url: ''

2020-12-18 01:31:23 - [MESSAGE][INFO] - Starting 'Chrome' driver

2020-12-18 01:31:23 - [MESSAGE][INFO] - Action delay is set to 0 milliseconds

2020-12-18 01:31:27 - [MESSAGE][PASSED] - Browser is opened with url: ''

2020-12-18 01:31:27 - [TEST_STEP][PASSED] - navigateToUrl("https://www.saucedemo.com/"): Navigate to 'https://www.saucedemo.com/' successfully

2020-12-18 01:31:28 - [MESSAGE][PASSED] - Navigate to 'https://www.saucedemo.com/' successfully

2020-12-18 01:31:28 - [TEST_STEP][PASSED] - setText(findTestObject("LoginPage/input_UserName"), "standard_user"): Text 'standard_user' is set on object 'Object Repository/LoginPage/input_UserName'

2020-12-18 01:31:29 - [MESSAGE][PASSED] - Text 'standard_user' is set on object 'Object Repository/LoginPage/input_UserName'

2020-12-18 01:31:29 - [TEST_STEP][PASSED] - setEncryptedText(findTestObject("LoginPage/input_Password"), "qcu24s4901FyWDTwXGr6XA=="): Text ****** has been set on object 'Object Repository/LoginPage/input_Password'

2020-12-18 01:31:29 - [MESSAGE][PASSED] - Text ****** has been set on object 'Object Repository/LoginPage/input_Password'

2020-12-18 01:31:29 - [TEST_STEP][PASSED] - click(findTestObject("LoginPage/button_Login")): Object: 'Object Repository/LoginPage/button_Login' is clicked on

2020-12-18 01:31:30 - [MESSAGE][PASSED] - Object: 'Object Repository/LoginPage/button_Login' is clicked on

2020-12-18 01:31:30 - [TEST_STEP][PASSED] - click(findTestObject("ProductCatalogPage/button_AddToOrder_SauceabsBackpack")): Object: 'Object Repository/ProductCatalogPage/button_AddToOrder_SauceabsBackpack' is clicked on

2020-12-18 01:31:30 - [MESSAGE][PASSED] - Object: 'Object Repository/ProductCatalogPage/button_AddToOrder_SauceabsBackpack' is clicked on

2020-12-18 01:31:30 - [TEST_STEP][PASSED] - click(findTestObject("ProductCatalogPage/link_GoToCart")): Object: 'Object Repository/ProductCatalogPage/link_GoToCart' is clicked on

2020-12-18 01:31:33 - [MESSAGE][PASSED] - Object: 'Object Repository/ProductCatalogPage/link_GoToCart' is clicked on

2020-12-18 01:31:33 - [TEST_STEP][PASSED] - click(findTestObject("YourCartPage/button_CheckOut")): Object: 'Object Repository/YourCartPage/button_CheckOut' is clicked on

2020-12-18 01:31:34 - [MESSAGE][PASSED] - Object: 'Object Repository/YourCartPage/button_CheckOut' is clicked on

2020-12-18 01:31:34 - [TEST_STEP][PASSED] - setText(findTestObject("YourInformationPage/input_FirstName"), firstName): Text 'UI' is set on object 'Object Repository/YourInformationPage/input_FirstName'

2020-12-18 01:31:35 - [MESSAGE][PASSED] - Text 'UI' is set on object 'Object Repository/YourInformationPage/input_FirstName'

2020-12-18 01:31:35 - [TEST_STEP][PASSED] - setText(findTestObject("YourInformationPage/input_LastName"), lastName): Text 'Tester1' is set on object 'Object Repository/YourInformationPage/input_LastName'

2020-12-18 01:31:35 - [MESSAGE][PASSED] - Text 'Tester1' is set on object 'Object Repository/YourInformationPage/input_LastName'

2020-12-18 01:31:35 - [TEST_STEP][PASSED] - setText(findTestObject("YourInformationPage/input_ZipCode"), zip): Text '96785' is set on object 'Object Repository/YourInformationPage/input_ZipCode'

2020-12-18 01:31:36 - [MESSAGE][PASSED] - Text '96785' is set on object 'Object Repository/YourInformationPage/input_ZipCode'

2020-12-18 01:31:36 - [TEST_STEP][PASSED] - click(findTestObject("YourInformationPage/button_Continue")): Object: 'Object Repository/YourInformationPage/button_Continue' is clicked on

2020-12-18 01:31:37 - [MESSAGE][PASSED] - Object: 'Object Repository/YourInformationPage/button_Continue' is clicked on

2020-12-18 01:31:37 - [TEST_STEP][PASSED] - paymentInfo = getText(findTestObject("CheckoutPage/text_PaymentInfo")): Text of object 'Object Repository/CheckoutPage/text_PaymentInfo' is: 'SauceCard #31337'

2020-12-18 01:31:37 - [MESSAGE][PASSED] - Text of object 'Object Repository/CheckoutPage/text_PaymentInfo' is: 'SauceCard #31337'

2020-12-18 01:31:37 - [TEST_STEP][PASSED] - shippingInfo = getText(findTestObject("CheckoutPage/text_ShippingInfo")): Text of object 'Object Repository/CheckoutPage/text_ShippingInfo' is: 'FREE PONY EXPRESS DELIVERY!'

2020-12-18 01:31:37 - [MESSAGE][PASSED] - Text of object 'Object Repository/CheckoutPage/text_ShippingInfo' is: 'FREE PONY EXPRESS DELIVERY!'

2020-12-18 01:31:37 - [TEST_STEP][PASSED] - itemTotal = getText(findTestObject("CheckoutPage/text_ItemTotal")): Text of object 'Object Repository/CheckoutPage/text_ItemTotal' is: 'Item total: $29.99'

2020-12-18 01:31:38 - [MESSAGE][PASSED] - Text of object 'Object Repository/CheckoutPage/text_ItemTotal' is: 'Item total: $29.99'

2020-12-18 01:31:38 - [TEST_STEP][PASSED] - tax = getText(findTestObject("CheckoutPage/text_Tax")): Text of object 'Object Repository/CheckoutPage/text_Tax' is: 'Tax: $2.40'

2020-12-18 01:31:38 - [MESSAGE][PASSED] - Text of object 'Object Repository/CheckoutPage/text_Tax' is: 'Tax: $2.40'

2020-12-18 01:31:38 - [TEST_STEP][PASSED] - total = getText(findTestObject("CheckoutPage/text_Total")): Text of object 'Object Repository/CheckoutPage/text_Total' is: 'Total: $32.39'

2020-12-18 01:31:39 - [MESSAGE][PASSED] - Text of object 'Object Repository/CheckoutPage/text_Total' is: 'Total: $32.39'

2020-12-18 01:31:39 - [TEST_STEP][PASSED] - click(findTestObject("CheckoutPage/button_Finish")): Object: 'Object Repository/CheckoutPage/button_Finish' is clicked on

2020-12-18 01:31:39 - [MESSAGE][PASSED] - Object: 'Object Repository/CheckoutPage/button_Finish' is clicked on

2020-12-18 01:31:39 - [TEST_STEP][PASSED] - click(findTestObject("FinishPage/text_ThankYouForYourOrder")): Object: 'Object Repository/FinishPage/text_ThankYouForYourOrder' is clicked on

2020-12-18 01:31:40 - [MESSAGE][PASSED] - Object: 'Object Repository/FinishPage/text_ThankYouForYourOrder' is clicked on

2020-12-18 01:31:40 - [TEST_STEP][PASSED] - today = new java.util.Date(): null

2020-12-18 01:31:40 - [TEST_STEP][PASSED] - todaysDate = today.format("yyyMMMdd"): null

2020-12-18 01:31:40 - [TEST_STEP][PASSED] - nowTime = today.format("HH:mms:s"): null

2020-12-18 01:31:40 - [TEST_STEP][PASSED] - output = new java.io.File(output.txt): null

2020-12-18 01:31:40 - [TEST_STEP][PASSED] - output.createNewFile(): null

2020-12-18 01:31:40 - [TEST_STEP][PASSED] - text = text + $testID;$firstName;$lastName;$zip;$paymentInfo;$shippingInfo;$itemTotal;$tax;$total;$todaysDate;$nowTime
: null

2020-12-18 01:31:40 - [TEST_STEP][PASSED] - closeBrowser(): Browser is closed

2020-12-18 01:31:40 - [MESSAGE][PASSED] - Browser is closed]]></system-out>
         <system-err><![CDATA[]]></system-err>
      </testcase>
      <testcase name="Test Cases/PlaceOrder_DifferentZipCode" time="16.783" classname="Test Cases/PlaceOrder_DifferentZipCode" status="PASSED">
         <system-out><![CDATA[2020-12-18 01:31:40 - [TEST_CASE][PASSED] - Test Cases/PlaceOrder_DifferentZipCode: Test Cases/PlaceOrder_DifferentZipCode

2020-12-18 01:31:40 - [TEST_STEP][PASSED] - openBrowser(""): Browser is opened with url: ''

2020-12-18 01:31:40 - [MESSAGE][INFO] - Starting 'Chrome' driver

2020-12-18 01:31:40 - [MESSAGE][INFO] - Action delay is set to 0 milliseconds

2020-12-18 01:31:44 - [MESSAGE][PASSED] - Browser is opened with url: ''

2020-12-18 01:31:44 - [TEST_STEP][PASSED] - navigateToUrl("https://www.saucedemo.com/"): Navigate to 'https://www.saucedemo.com/' successfully

2020-12-18 01:31:45 - [MESSAGE][PASSED] - Navigate to 'https://www.saucedemo.com/' successfully

2020-12-18 01:31:45 - [TEST_STEP][PASSED] - setText(findTestObject("LoginPage/input_UserName"), "standard_user"): Text 'standard_user' is set on object 'Object Repository/LoginPage/input_UserName'

2020-12-18 01:31:46 - [MESSAGE][PASSED] - Text 'standard_user' is set on object 'Object Repository/LoginPage/input_UserName'

2020-12-18 01:31:46 - [TEST_STEP][PASSED] - setEncryptedText(findTestObject("LoginPage/input_Password"), "qcu24s4901FyWDTwXGr6XA=="): Text ****** has been set on object 'Object Repository/LoginPage/input_Password'

2020-12-18 01:31:46 - [MESSAGE][PASSED] - Text ****** has been set on object 'Object Repository/LoginPage/input_Password'

2020-12-18 01:31:46 - [TEST_STEP][PASSED] - click(findTestObject("LoginPage/button_Login")): Object: 'Object Repository/LoginPage/button_Login' is clicked on

2020-12-18 01:31:47 - [MESSAGE][PASSED] - Object: 'Object Repository/LoginPage/button_Login' is clicked on

2020-12-18 01:31:47 - [TEST_STEP][PASSED] - click(findTestObject("ProductCatalogPage/button_AddToOrder_SauceabsBackpack")): Object: 'Object Repository/ProductCatalogPage/button_AddToOrder_SauceabsBackpack' is clicked on

2020-12-18 01:31:47 - [MESSAGE][PASSED] - Object: 'Object Repository/ProductCatalogPage/button_AddToOrder_SauceabsBackpack' is clicked on

2020-12-18 01:31:47 - [TEST_STEP][PASSED] - click(findTestObject("ProductCatalogPage/link_GoToCart")): Object: 'Object Repository/ProductCatalogPage/link_GoToCart' is clicked on

2020-12-18 01:31:51 - [MESSAGE][PASSED] - Object: 'Object Repository/ProductCatalogPage/link_GoToCart' is clicked on

2020-12-18 01:31:51 - [TEST_STEP][PASSED] - click(findTestObject("YourCartPage/button_CheckOut")): Object: 'Object Repository/YourCartPage/button_CheckOut' is clicked on

2020-12-18 01:31:51 - [MESSAGE][PASSED] - Object: 'Object Repository/YourCartPage/button_CheckOut' is clicked on

2020-12-18 01:31:51 - [TEST_STEP][PASSED] - setText(findTestObject("YourInformationPage/input_FirstName"), firstName): Text 'UI' is set on object 'Object Repository/YourInformationPage/input_FirstName'

2020-12-18 01:31:52 - [MESSAGE][PASSED] - Text 'UI' is set on object 'Object Repository/YourInformationPage/input_FirstName'

2020-12-18 01:31:52 - [TEST_STEP][PASSED] - setText(findTestObject("YourInformationPage/input_LastName"), lastName): Text 'Tester2' is set on object 'Object Repository/YourInformationPage/input_LastName'

2020-12-18 01:31:53 - [MESSAGE][PASSED] - Text 'Tester2' is set on object 'Object Repository/YourInformationPage/input_LastName'

2020-12-18 01:31:53 - [TEST_STEP][PASSED] - setText(findTestObject("YourInformationPage/input_ZipCode"), zip): Text '99587' is set on object 'Object Repository/YourInformationPage/input_ZipCode'

2020-12-18 01:31:53 - [MESSAGE][PASSED] - Text '99587' is set on object 'Object Repository/YourInformationPage/input_ZipCode'

2020-12-18 01:31:53 - [TEST_STEP][PASSED] - click(findTestObject("YourInformationPage/button_Continue")): Object: 'Object Repository/YourInformationPage/button_Continue' is clicked on

2020-12-18 01:31:54 - [MESSAGE][PASSED] - Object: 'Object Repository/YourInformationPage/button_Continue' is clicked on

2020-12-18 01:31:54 - [TEST_STEP][PASSED] - paymentInfo = getText(findTestObject("CheckoutPage/text_PaymentInfo")): Text of object 'Object Repository/CheckoutPage/text_PaymentInfo' is: 'SauceCard #31337'

2020-12-18 01:31:54 - [MESSAGE][PASSED] - Text of object 'Object Repository/CheckoutPage/text_PaymentInfo' is: 'SauceCard #31337'

2020-12-18 01:31:54 - [TEST_STEP][PASSED] - shippingInfo = getText(findTestObject("CheckoutPage/text_ShippingInfo")): Text of object 'Object Repository/CheckoutPage/text_ShippingInfo' is: 'FREE PONY EXPRESS DELIVERY!'

2020-12-18 01:31:55 - [MESSAGE][PASSED] - Text of object 'Object Repository/CheckoutPage/text_ShippingInfo' is: 'FREE PONY EXPRESS DELIVERY!'

2020-12-18 01:31:55 - [TEST_STEP][PASSED] - itemTotal = getText(findTestObject("CheckoutPage/text_ItemTotal")): Text of object 'Object Repository/CheckoutPage/text_ItemTotal' is: 'Item total: $29.99'

2020-12-18 01:31:55 - [MESSAGE][PASSED] - Text of object 'Object Repository/CheckoutPage/text_ItemTotal' is: 'Item total: $29.99'

2020-12-18 01:31:55 - [TEST_STEP][PASSED] - tax = getText(findTestObject("CheckoutPage/text_Tax")): Text of object 'Object Repository/CheckoutPage/text_Tax' is: 'Tax: $2.40'

2020-12-18 01:31:55 - [MESSAGE][PASSED] - Text of object 'Object Repository/CheckoutPage/text_Tax' is: 'Tax: $2.40'

2020-12-18 01:31:55 - [TEST_STEP][PASSED] - total = getText(findTestObject("CheckoutPage/text_Total")): Text of object 'Object Repository/CheckoutPage/text_Total' is: 'Total: $32.39'

2020-12-18 01:31:55 - [MESSAGE][PASSED] - Text of object 'Object Repository/CheckoutPage/text_Total' is: 'Total: $32.39'

2020-12-18 01:31:55 - [TEST_STEP][PASSED] - click(findTestObject("CheckoutPage/button_Finish")): Object: 'Object Repository/CheckoutPage/button_Finish' is clicked on

2020-12-18 01:31:56 - [MESSAGE][PASSED] - Object: 'Object Repository/CheckoutPage/button_Finish' is clicked on

2020-12-18 01:31:56 - [TEST_STEP][PASSED] - click(findTestObject("FinishPage/text_ThankYouForYourOrder")): Object: 'Object Repository/FinishPage/text_ThankYouForYourOrder' is clicked on

2020-12-18 01:31:56 - [MESSAGE][PASSED] - Object: 'Object Repository/FinishPage/text_ThankYouForYourOrder' is clicked on

2020-12-18 01:31:56 - [TEST_STEP][PASSED] - today = new java.util.Date(): null

2020-12-18 01:31:56 - [TEST_STEP][PASSED] - todaysDate = today.format("yyyMMMdd"): null

2020-12-18 01:31:56 - [TEST_STEP][PASSED] - nowTime = today.format("HH:mms:s"): null

2020-12-18 01:31:56 - [TEST_STEP][PASSED] - output = new java.io.File(output.txt): null

2020-12-18 01:31:56 - [TEST_STEP][PASSED] - output.createNewFile(): null

2020-12-18 01:31:56 - [TEST_STEP][PASSED] - text = text + $testID;$firstName;$lastName;$zip;$paymentInfo;$shippingInfo;$itemTotal;$tax;$total;$todaysDate;$nowTime
: null

2020-12-18 01:31:56 - [TEST_STEP][PASSED] - closeBrowser(): Browser is closed

2020-12-18 01:31:57 - [MESSAGE][PASSED] - Browser is closed]]></system-out>
         <system-err><![CDATA[]]></system-err>
      </testcase>
      <testcase name="Test Cases/PlaceOrder_DifferentZipCode" time="16.874" classname="Test Cases/PlaceOrder_DifferentZipCode" status="PASSED">
         <system-out><![CDATA[2020-12-18 01:31:57 - [TEST_CASE][PASSED] - Test Cases/PlaceOrder_DifferentZipCode: Test Cases/PlaceOrder_DifferentZipCode

2020-12-18 01:31:57 - [TEST_STEP][PASSED] - openBrowser(""): Browser is opened with url: ''

2020-12-18 01:31:57 - [MESSAGE][INFO] - Starting 'Chrome' driver

2020-12-18 01:31:57 - [MESSAGE][INFO] - Action delay is set to 0 milliseconds

2020-12-18 01:32:01 - [MESSAGE][PASSED] - Browser is opened with url: ''

2020-12-18 01:32:01 - [TEST_STEP][PASSED] - navigateToUrl("https://www.saucedemo.com/"): Navigate to 'https://www.saucedemo.com/' successfully

2020-12-18 01:32:02 - [MESSAGE][PASSED] - Navigate to 'https://www.saucedemo.com/' successfully

2020-12-18 01:32:02 - [TEST_STEP][PASSED] - setText(findTestObject("LoginPage/input_UserName"), "standard_user"): Text 'standard_user' is set on object 'Object Repository/LoginPage/input_UserName'

2020-12-18 01:32:03 - [MESSAGE][PASSED] - Text 'standard_user' is set on object 'Object Repository/LoginPage/input_UserName'

2020-12-18 01:32:03 - [TEST_STEP][PASSED] - setEncryptedText(findTestObject("LoginPage/input_Password"), "qcu24s4901FyWDTwXGr6XA=="): Text ****** has been set on object 'Object Repository/LoginPage/input_Password'

2020-12-18 01:32:03 - [MESSAGE][PASSED] - Text ****** has been set on object 'Object Repository/LoginPage/input_Password'

2020-12-18 01:32:03 - [TEST_STEP][PASSED] - click(findTestObject("LoginPage/button_Login")): Object: 'Object Repository/LoginPage/button_Login' is clicked on

2020-12-18 01:32:04 - [MESSAGE][PASSED] - Object: 'Object Repository/LoginPage/button_Login' is clicked on

2020-12-18 01:32:04 - [TEST_STEP][PASSED] - click(findTestObject("ProductCatalogPage/button_AddToOrder_SauceabsBackpack")): Object: 'Object Repository/ProductCatalogPage/button_AddToOrder_SauceabsBackpack' is clicked on

2020-12-18 01:32:05 - [MESSAGE][PASSED] - Object: 'Object Repository/ProductCatalogPage/button_AddToOrder_SauceabsBackpack' is clicked on

2020-12-18 01:32:05 - [TEST_STEP][PASSED] - click(findTestObject("ProductCatalogPage/link_GoToCart")): Object: 'Object Repository/ProductCatalogPage/link_GoToCart' is clicked on

2020-12-18 01:32:07 - [MESSAGE][PASSED] - Object: 'Object Repository/ProductCatalogPage/link_GoToCart' is clicked on

2020-12-18 01:32:07 - [TEST_STEP][PASSED] - click(findTestObject("YourCartPage/button_CheckOut")): Object: 'Object Repository/YourCartPage/button_CheckOut' is clicked on

2020-12-18 01:32:08 - [MESSAGE][PASSED] - Object: 'Object Repository/YourCartPage/button_CheckOut' is clicked on

2020-12-18 01:32:08 - [TEST_STEP][PASSED] - setText(findTestObject("YourInformationPage/input_FirstName"), firstName): Text 'UI' is set on object 'Object Repository/YourInformationPage/input_FirstName'

2020-12-18 01:32:09 - [MESSAGE][PASSED] - Text 'UI' is set on object 'Object Repository/YourInformationPage/input_FirstName'

2020-12-18 01:32:09 - [TEST_STEP][PASSED] - setText(findTestObject("YourInformationPage/input_LastName"), lastName): Text 'Tester3' is set on object 'Object Repository/YourInformationPage/input_LastName'

2020-12-18 01:32:09 - [MESSAGE][PASSED] - Text 'Tester3' is set on object 'Object Repository/YourInformationPage/input_LastName'

2020-12-18 01:32:09 - [TEST_STEP][PASSED] - setText(findTestObject("YourInformationPage/input_ZipCode"), zip): Text '00677' is set on object 'Object Repository/YourInformationPage/input_ZipCode'

2020-12-18 01:32:10 - [MESSAGE][PASSED] - Text '00677' is set on object 'Object Repository/YourInformationPage/input_ZipCode'

2020-12-18 01:32:10 - [TEST_STEP][PASSED] - click(findTestObject("YourInformationPage/button_Continue")): Object: 'Object Repository/YourInformationPage/button_Continue' is clicked on

2020-12-18 01:32:11 - [MESSAGE][PASSED] - Object: 'Object Repository/YourInformationPage/button_Continue' is clicked on

2020-12-18 01:32:11 - [TEST_STEP][PASSED] - paymentInfo = getText(findTestObject("CheckoutPage/text_PaymentInfo")): Text of object 'Object Repository/CheckoutPage/text_PaymentInfo' is: 'SauceCard #31337'

2020-12-18 01:32:11 - [MESSAGE][PASSED] - Text of object 'Object Repository/CheckoutPage/text_PaymentInfo' is: 'SauceCard #31337'

2020-12-18 01:32:11 - [TEST_STEP][PASSED] - shippingInfo = getText(findTestObject("CheckoutPage/text_ShippingInfo")): Text of object 'Object Repository/CheckoutPage/text_ShippingInfo' is: 'FREE PONY EXPRESS DELIVERY!'

2020-12-18 01:32:11 - [MESSAGE][PASSED] - Text of object 'Object Repository/CheckoutPage/text_ShippingInfo' is: 'FREE PONY EXPRESS DELIVERY!'

2020-12-18 01:32:11 - [TEST_STEP][PASSED] - itemTotal = getText(findTestObject("CheckoutPage/text_ItemTotal")): Text of object 'Object Repository/CheckoutPage/text_ItemTotal' is: 'Item total: $29.99'

2020-12-18 01:32:12 - [MESSAGE][PASSED] - Text of object 'Object Repository/CheckoutPage/text_ItemTotal' is: 'Item total: $29.99'

2020-12-18 01:32:12 - [TEST_STEP][PASSED] - tax = getText(findTestObject("CheckoutPage/text_Tax")): Text of object 'Object Repository/CheckoutPage/text_Tax' is: 'Tax: $2.40'

2020-12-18 01:32:12 - [MESSAGE][PASSED] - Text of object 'Object Repository/CheckoutPage/text_Tax' is: 'Tax: $2.40'

2020-12-18 01:32:12 - [TEST_STEP][PASSED] - total = getText(findTestObject("CheckoutPage/text_Total")): Text of object 'Object Repository/CheckoutPage/text_Total' is: 'Total: $32.39'

2020-12-18 01:32:12 - [MESSAGE][PASSED] - Text of object 'Object Repository/CheckoutPage/text_Total' is: 'Total: $32.39'

2020-12-18 01:32:12 - [TEST_STEP][PASSED] - click(findTestObject("CheckoutPage/button_Finish")): Object: 'Object Repository/CheckoutPage/button_Finish' is clicked on

2020-12-18 01:32:13 - [MESSAGE][PASSED] - Object: 'Object Repository/CheckoutPage/button_Finish' is clicked on

2020-12-18 01:32:13 - [TEST_STEP][PASSED] - click(findTestObject("FinishPage/text_ThankYouForYourOrder")): Object: 'Object Repository/FinishPage/text_ThankYouForYourOrder' is clicked on

2020-12-18 01:32:13 - [MESSAGE][PASSED] - Object: 'Object Repository/FinishPage/text_ThankYouForYourOrder' is clicked on

2020-12-18 01:32:13 - [TEST_STEP][PASSED] - today = new java.util.Date(): null

2020-12-18 01:32:13 - [TEST_STEP][PASSED] - todaysDate = today.format("yyyMMMdd"): null

2020-12-18 01:32:13 - [TEST_STEP][PASSED] - nowTime = today.format("HH:mms:s"): null

2020-12-18 01:32:13 - [TEST_STEP][PASSED] - output = new java.io.File(output.txt): null

2020-12-18 01:32:13 - [TEST_STEP][PASSED] - output.createNewFile(): null

2020-12-18 01:32:13 - [TEST_STEP][PASSED] - text = text + $testID;$firstName;$lastName;$zip;$paymentInfo;$shippingInfo;$itemTotal;$tax;$total;$todaysDate;$nowTime
: null

2020-12-18 01:32:13 - [TEST_STEP][PASSED] - closeBrowser(): Browser is closed

2020-12-18 01:32:14 - [MESSAGE][PASSED] - Browser is closed]]></system-out>
         <system-err><![CDATA[]]></system-err>
      </testcase>
      <testcase name="Test Cases/PlaceOrder_DifferentZipCode" time="17.398" classname="Test Cases/PlaceOrder_DifferentZipCode" status="PASSED">
         <system-out><![CDATA[2020-12-18 01:32:14 - [TEST_CASE][PASSED] - Test Cases/PlaceOrder_DifferentZipCode: Test Cases/PlaceOrder_DifferentZipCode

2020-12-18 01:32:14 - [TEST_STEP][PASSED] - openBrowser(""): Browser is opened with url: ''

2020-12-18 01:32:14 - [MESSAGE][INFO] - Starting 'Chrome' driver

2020-12-18 01:32:14 - [MESSAGE][INFO] - Action delay is set to 0 milliseconds

2020-12-18 01:32:18 - [MESSAGE][PASSED] - Browser is opened with url: ''

2020-12-18 01:32:18 - [TEST_STEP][PASSED] - navigateToUrl("https://www.saucedemo.com/"): Navigate to 'https://www.saucedemo.com/' successfully

2020-12-18 01:32:19 - [MESSAGE][PASSED] - Navigate to 'https://www.saucedemo.com/' successfully

2020-12-18 01:32:19 - [TEST_STEP][PASSED] - setText(findTestObject("LoginPage/input_UserName"), "standard_user"): Text 'standard_user' is set on object 'Object Repository/LoginPage/input_UserName'

2020-12-18 01:32:20 - [MESSAGE][PASSED] - Text 'standard_user' is set on object 'Object Repository/LoginPage/input_UserName'

2020-12-18 01:32:20 - [TEST_STEP][PASSED] - setEncryptedText(findTestObject("LoginPage/input_Password"), "qcu24s4901FyWDTwXGr6XA=="): Text ****** has been set on object 'Object Repository/LoginPage/input_Password'

2020-12-18 01:32:20 - [MESSAGE][PASSED] - Text ****** has been set on object 'Object Repository/LoginPage/input_Password'

2020-12-18 01:32:20 - [TEST_STEP][PASSED] - click(findTestObject("LoginPage/button_Login")): Object: 'Object Repository/LoginPage/button_Login' is clicked on

2020-12-18 01:32:21 - [MESSAGE][PASSED] - Object: 'Object Repository/LoginPage/button_Login' is clicked on

2020-12-18 01:32:21 - [TEST_STEP][PASSED] - click(findTestObject("ProductCatalogPage/button_AddToOrder_SauceabsBackpack")): Object: 'Object Repository/ProductCatalogPage/button_AddToOrder_SauceabsBackpack' is clicked on

2020-12-18 01:32:22 - [MESSAGE][PASSED] - Object: 'Object Repository/ProductCatalogPage/button_AddToOrder_SauceabsBackpack' is clicked on

2020-12-18 01:32:22 - [TEST_STEP][PASSED] - click(findTestObject("ProductCatalogPage/link_GoToCart")): Object: 'Object Repository/ProductCatalogPage/link_GoToCart' is clicked on

2020-12-18 01:32:25 - [MESSAGE][PASSED] - Object: 'Object Repository/ProductCatalogPage/link_GoToCart' is clicked on

2020-12-18 01:32:25 - [TEST_STEP][PASSED] - click(findTestObject("YourCartPage/button_CheckOut")): Object: 'Object Repository/YourCartPage/button_CheckOut' is clicked on

2020-12-18 01:32:25 - [MESSAGE][PASSED] - Object: 'Object Repository/YourCartPage/button_CheckOut' is clicked on

2020-12-18 01:32:25 - [TEST_STEP][PASSED] - setText(findTestObject("YourInformationPage/input_FirstName"), firstName): Text 'UI' is set on object 'Object Repository/YourInformationPage/input_FirstName'

2020-12-18 01:32:26 - [MESSAGE][PASSED] - Text 'UI' is set on object 'Object Repository/YourInformationPage/input_FirstName'

2020-12-18 01:32:26 - [TEST_STEP][PASSED] - setText(findTestObject("YourInformationPage/input_LastName"), lastName): Text 'Tester4' is set on object 'Object Repository/YourInformationPage/input_LastName'

2020-12-18 01:32:27 - [MESSAGE][PASSED] - Text 'Tester4' is set on object 'Object Repository/YourInformationPage/input_LastName'

2020-12-18 01:32:27 - [TEST_STEP][PASSED] - setText(findTestObject("YourInformationPage/input_ZipCode"), zip): Text '55455' is set on object 'Object Repository/YourInformationPage/input_ZipCode'

2020-12-18 01:32:27 - [MESSAGE][PASSED] - Text '55455' is set on object 'Object Repository/YourInformationPage/input_ZipCode'

2020-12-18 01:32:27 - [TEST_STEP][PASSED] - click(findTestObject("YourInformationPage/button_Continue")): Object: 'Object Repository/YourInformationPage/button_Continue' is clicked on

2020-12-18 01:32:28 - [MESSAGE][PASSED] - Object: 'Object Repository/YourInformationPage/button_Continue' is clicked on

2020-12-18 01:32:28 - [TEST_STEP][PASSED] - paymentInfo = getText(findTestObject("CheckoutPage/text_PaymentInfo")): Text of object 'Object Repository/CheckoutPage/text_PaymentInfo' is: 'SauceCard #31337'

2020-12-18 01:32:28 - [MESSAGE][PASSED] - Text of object 'Object Repository/CheckoutPage/text_PaymentInfo' is: 'SauceCard #31337'

2020-12-18 01:32:28 - [TEST_STEP][PASSED] - shippingInfo = getText(findTestObject("CheckoutPage/text_ShippingInfo")): Text of object 'Object Repository/CheckoutPage/text_ShippingInfo' is: 'FREE PONY EXPRESS DELIVERY!'

2020-12-18 01:32:28 - [MESSAGE][PASSED] - Text of object 'Object Repository/CheckoutPage/text_ShippingInfo' is: 'FREE PONY EXPRESS DELIVERY!'

2020-12-18 01:32:28 - [TEST_STEP][PASSED] - itemTotal = getText(findTestObject("CheckoutPage/text_ItemTotal")): Text of object 'Object Repository/CheckoutPage/text_ItemTotal' is: 'Item total: $29.99'

2020-12-18 01:32:29 - [MESSAGE][PASSED] - Text of object 'Object Repository/CheckoutPage/text_ItemTotal' is: 'Item total: $29.99'

2020-12-18 01:32:29 - [TEST_STEP][PASSED] - tax = getText(findTestObject("CheckoutPage/text_Tax")): Text of object 'Object Repository/CheckoutPage/text_Tax' is: 'Tax: $2.40'

2020-12-18 01:32:29 - [MESSAGE][PASSED] - Text of object 'Object Repository/CheckoutPage/text_Tax' is: 'Tax: $2.40'

2020-12-18 01:32:29 - [TEST_STEP][PASSED] - total = getText(findTestObject("CheckoutPage/text_Total")): Text of object 'Object Repository/CheckoutPage/text_Total' is: 'Total: $32.39'

2020-12-18 01:32:29 - [MESSAGE][PASSED] - Text of object 'Object Repository/CheckoutPage/text_Total' is: 'Total: $32.39'

2020-12-18 01:32:29 - [TEST_STEP][PASSED] - click(findTestObject("CheckoutPage/button_Finish")): Object: 'Object Repository/CheckoutPage/button_Finish' is clicked on

2020-12-18 01:32:30 - [MESSAGE][PASSED] - Object: 'Object Repository/CheckoutPage/button_Finish' is clicked on

2020-12-18 01:32:30 - [TEST_STEP][PASSED] - click(findTestObject("FinishPage/text_ThankYouForYourOrder")): Object: 'Object Repository/FinishPage/text_ThankYouForYourOrder' is clicked on

2020-12-18 01:32:30 - [MESSAGE][PASSED] - Object: 'Object Repository/FinishPage/text_ThankYouForYourOrder' is clicked on

2020-12-18 01:32:30 - [TEST_STEP][PASSED] - today = new java.util.Date(): null

2020-12-18 01:32:30 - [TEST_STEP][PASSED] - todaysDate = today.format("yyyMMMdd"): null

2020-12-18 01:32:30 - [TEST_STEP][PASSED] - nowTime = today.format("HH:mms:s"): null

2020-12-18 01:32:30 - [TEST_STEP][PASSED] - output = new java.io.File(output.txt): null

2020-12-18 01:32:30 - [TEST_STEP][PASSED] - output.createNewFile(): null

2020-12-18 01:32:30 - [TEST_STEP][PASSED] - text = text + $testID;$firstName;$lastName;$zip;$paymentInfo;$shippingInfo;$itemTotal;$tax;$total;$todaysDate;$nowTime
: null

2020-12-18 01:32:30 - [TEST_STEP][PASSED] - closeBrowser(): Browser is closed

2020-12-18 01:32:32 - [MESSAGE][PASSED] - Browser is closed]]></system-out>
         <system-err><![CDATA[]]></system-err>
      </testcase>
      <testcase name="Test Cases/PlaceOrder_DifferentZipCode" time="16.687" classname="Test Cases/PlaceOrder_DifferentZipCode" status="PASSED">
         <system-out><![CDATA[2020-12-18 01:32:32 - [TEST_CASE][PASSED] - Test Cases/PlaceOrder_DifferentZipCode: Test Cases/PlaceOrder_DifferentZipCode

2020-12-18 01:32:32 - [TEST_STEP][PASSED] - openBrowser(""): Browser is opened with url: ''

2020-12-18 01:32:32 - [MESSAGE][INFO] - Starting 'Chrome' driver

2020-12-18 01:32:32 - [MESSAGE][INFO] - Action delay is set to 0 milliseconds

2020-12-18 01:32:35 - [MESSAGE][PASSED] - Browser is opened with url: ''

2020-12-18 01:32:35 - [TEST_STEP][PASSED] - navigateToUrl("https://www.saucedemo.com/"): Navigate to 'https://www.saucedemo.com/' successfully

2020-12-18 01:32:36 - [MESSAGE][PASSED] - Navigate to 'https://www.saucedemo.com/' successfully

2020-12-18 01:32:36 - [TEST_STEP][PASSED] - setText(findTestObject("LoginPage/input_UserName"), "standard_user"): Text 'standard_user' is set on object 'Object Repository/LoginPage/input_UserName'

2020-12-18 01:32:37 - [MESSAGE][PASSED] - Text 'standard_user' is set on object 'Object Repository/LoginPage/input_UserName'

2020-12-18 01:32:37 - [TEST_STEP][PASSED] - setEncryptedText(findTestObject("LoginPage/input_Password"), "qcu24s4901FyWDTwXGr6XA=="): Text ****** has been set on object 'Object Repository/LoginPage/input_Password'

2020-12-18 01:32:38 - [MESSAGE][PASSED] - Text ****** has been set on object 'Object Repository/LoginPage/input_Password'

2020-12-18 01:32:38 - [TEST_STEP][PASSED] - click(findTestObject("LoginPage/button_Login")): Object: 'Object Repository/LoginPage/button_Login' is clicked on

2020-12-18 01:32:38 - [MESSAGE][PASSED] - Object: 'Object Repository/LoginPage/button_Login' is clicked on

2020-12-18 01:32:38 - [TEST_STEP][PASSED] - click(findTestObject("ProductCatalogPage/button_AddToOrder_SauceabsBackpack")): Object: 'Object Repository/ProductCatalogPage/button_AddToOrder_SauceabsBackpack' is clicked on

2020-12-18 01:32:39 - [MESSAGE][PASSED] - Object: 'Object Repository/ProductCatalogPage/button_AddToOrder_SauceabsBackpack' is clicked on

2020-12-18 01:32:39 - [TEST_STEP][PASSED] - click(findTestObject("ProductCatalogPage/link_GoToCart")): Object: 'Object Repository/ProductCatalogPage/link_GoToCart' is clicked on

2020-12-18 01:32:42 - [MESSAGE][PASSED] - Object: 'Object Repository/ProductCatalogPage/link_GoToCart' is clicked on

2020-12-18 01:32:42 - [TEST_STEP][PASSED] - click(findTestObject("YourCartPage/button_CheckOut")): Object: 'Object Repository/YourCartPage/button_CheckOut' is clicked on

2020-12-18 01:32:42 - [MESSAGE][PASSED] - Object: 'Object Repository/YourCartPage/button_CheckOut' is clicked on

2020-12-18 01:32:42 - [TEST_STEP][PASSED] - setText(findTestObject("YourInformationPage/input_FirstName"), firstName): Text 'UI' is set on object 'Object Repository/YourInformationPage/input_FirstName'

2020-12-18 01:32:43 - [MESSAGE][PASSED] - Text 'UI' is set on object 'Object Repository/YourInformationPage/input_FirstName'

2020-12-18 01:32:43 - [TEST_STEP][PASSED] - setText(findTestObject("YourInformationPage/input_LastName"), lastName): Text 'Tester5' is set on object 'Object Repository/YourInformationPage/input_LastName'

2020-12-18 01:32:44 - [MESSAGE][PASSED] - Text 'Tester5' is set on object 'Object Repository/YourInformationPage/input_LastName'

2020-12-18 01:32:44 - [TEST_STEP][PASSED] - setText(findTestObject("YourInformationPage/input_ZipCode"), zip): Text '55126' is set on object 'Object Repository/YourInformationPage/input_ZipCode'

2020-12-18 01:32:44 - [MESSAGE][PASSED] - Text '55126' is set on object 'Object Repository/YourInformationPage/input_ZipCode'

2020-12-18 01:32:44 - [TEST_STEP][PASSED] - click(findTestObject("YourInformationPage/button_Continue")): Object: 'Object Repository/YourInformationPage/button_Continue' is clicked on

2020-12-18 01:32:45 - [MESSAGE][PASSED] - Object: 'Object Repository/YourInformationPage/button_Continue' is clicked on

2020-12-18 01:32:45 - [TEST_STEP][PASSED] - paymentInfo = getText(findTestObject("CheckoutPage/text_PaymentInfo")): Text of object 'Object Repository/CheckoutPage/text_PaymentInfo' is: 'SauceCard #31337'

2020-12-18 01:32:45 - [MESSAGE][PASSED] - Text of object 'Object Repository/CheckoutPage/text_PaymentInfo' is: 'SauceCard #31337'

2020-12-18 01:32:45 - [TEST_STEP][PASSED] - shippingInfo = getText(findTestObject("CheckoutPage/text_ShippingInfo")): Text of object 'Object Repository/CheckoutPage/text_ShippingInfo' is: 'FREE PONY EXPRESS DELIVERY!'

2020-12-18 01:32:46 - [MESSAGE][PASSED] - Text of object 'Object Repository/CheckoutPage/text_ShippingInfo' is: 'FREE PONY EXPRESS DELIVERY!'

2020-12-18 01:32:46 - [TEST_STEP][PASSED] - itemTotal = getText(findTestObject("CheckoutPage/text_ItemTotal")): Text of object 'Object Repository/CheckoutPage/text_ItemTotal' is: 'Item total: $29.99'

2020-12-18 01:32:46 - [MESSAGE][PASSED] - Text of object 'Object Repository/CheckoutPage/text_ItemTotal' is: 'Item total: $29.99'

2020-12-18 01:32:46 - [TEST_STEP][PASSED] - tax = getText(findTestObject("CheckoutPage/text_Tax")): Text of object 'Object Repository/CheckoutPage/text_Tax' is: 'Tax: $2.40'

2020-12-18 01:32:46 - [MESSAGE][PASSED] - Text of object 'Object Repository/CheckoutPage/text_Tax' is: 'Tax: $2.40'

2020-12-18 01:32:46 - [TEST_STEP][PASSED] - total = getText(findTestObject("CheckoutPage/text_Total")): Text of object 'Object Repository/CheckoutPage/text_Total' is: 'Total: $32.39'

2020-12-18 01:32:47 - [MESSAGE][PASSED] - Text of object 'Object Repository/CheckoutPage/text_Total' is: 'Total: $32.39'

2020-12-18 01:32:47 - [TEST_STEP][PASSED] - click(findTestObject("CheckoutPage/button_Finish")): Object: 'Object Repository/CheckoutPage/button_Finish' is clicked on

2020-12-18 01:32:47 - [MESSAGE][PASSED] - Object: 'Object Repository/CheckoutPage/button_Finish' is clicked on

2020-12-18 01:32:47 - [TEST_STEP][PASSED] - click(findTestObject("FinishPage/text_ThankYouForYourOrder")): Object: 'Object Repository/FinishPage/text_ThankYouForYourOrder' is clicked on

2020-12-18 01:32:48 - [MESSAGE][PASSED] - Object: 'Object Repository/FinishPage/text_ThankYouForYourOrder' is clicked on

2020-12-18 01:32:48 - [TEST_STEP][PASSED] - today = new java.util.Date(): null

2020-12-18 01:32:48 - [TEST_STEP][PASSED] - todaysDate = today.format("yyyMMMdd"): null

2020-12-18 01:32:48 - [TEST_STEP][PASSED] - nowTime = today.format("HH:mms:s"): null

2020-12-18 01:32:48 - [TEST_STEP][PASSED] - output = new java.io.File(output.txt): null

2020-12-18 01:32:48 - [TEST_STEP][PASSED] - output.createNewFile(): null

2020-12-18 01:32:48 - [TEST_STEP][PASSED] - text = text + $testID;$firstName;$lastName;$zip;$paymentInfo;$shippingInfo;$itemTotal;$tax;$total;$todaysDate;$nowTime
: null

2020-12-18 01:32:48 - [TEST_STEP][PASSED] - closeBrowser(): Browser is closed

2020-12-18 01:32:48 - [MESSAGE][PASSED] - Browser is closed]]></system-out>
         <system-err><![CDATA[]]></system-err>
      </testcase>
      <testcase name="Test Cases/PlaceOrder_DifferentZipCode" time="16.748" classname="Test Cases/PlaceOrder_DifferentZipCode" status="PASSED">
         <system-out><![CDATA[2020-12-18 01:32:48 - [TEST_CASE][PASSED] - Test Cases/PlaceOrder_DifferentZipCode: Test Cases/PlaceOrder_DifferentZipCode

2020-12-18 01:32:48 - [TEST_STEP][PASSED] - openBrowser(""): Browser is opened with url: ''

2020-12-18 01:32:48 - [MESSAGE][INFO] - Starting 'Chrome' driver

2020-12-18 01:32:48 - [MESSAGE][INFO] - Action delay is set to 0 milliseconds

2020-12-18 01:32:52 - [MESSAGE][PASSED] - Browser is opened with url: ''

2020-12-18 01:32:52 - [TEST_STEP][PASSED] - navigateToUrl("https://www.saucedemo.com/"): Navigate to 'https://www.saucedemo.com/' successfully

2020-12-18 01:32:53 - [MESSAGE][PASSED] - Navigate to 'https://www.saucedemo.com/' successfully

2020-12-18 01:32:53 - [TEST_STEP][PASSED] - setText(findTestObject("LoginPage/input_UserName"), "standard_user"): Text 'standard_user' is set on object 'Object Repository/LoginPage/input_UserName'

2020-12-18 01:32:54 - [MESSAGE][PASSED] - Text 'standard_user' is set on object 'Object Repository/LoginPage/input_UserName'

2020-12-18 01:32:54 - [TEST_STEP][PASSED] - setEncryptedText(findTestObject("LoginPage/input_Password"), "qcu24s4901FyWDTwXGr6XA=="): Text ****** has been set on object 'Object Repository/LoginPage/input_Password'

2020-12-18 01:32:54 - [MESSAGE][PASSED] - Text ****** has been set on object 'Object Repository/LoginPage/input_Password'

2020-12-18 01:32:54 - [TEST_STEP][PASSED] - click(findTestObject("LoginPage/button_Login")): Object: 'Object Repository/LoginPage/button_Login' is clicked on

2020-12-18 01:32:55 - [MESSAGE][PASSED] - Object: 'Object Repository/LoginPage/button_Login' is clicked on

2020-12-18 01:32:55 - [TEST_STEP][PASSED] - click(findTestObject("ProductCatalogPage/button_AddToOrder_SauceabsBackpack")): Object: 'Object Repository/ProductCatalogPage/button_AddToOrder_SauceabsBackpack' is clicked on

2020-12-18 01:32:56 - [MESSAGE][PASSED] - Object: 'Object Repository/ProductCatalogPage/button_AddToOrder_SauceabsBackpack' is clicked on

2020-12-18 01:32:56 - [TEST_STEP][PASSED] - click(findTestObject("ProductCatalogPage/link_GoToCart")): Object: 'Object Repository/ProductCatalogPage/link_GoToCart' is clicked on

2020-12-18 01:32:59 - [MESSAGE][PASSED] - Object: 'Object Repository/ProductCatalogPage/link_GoToCart' is clicked on

2020-12-18 01:32:59 - [TEST_STEP][PASSED] - click(findTestObject("YourCartPage/button_CheckOut")): Object: 'Object Repository/YourCartPage/button_CheckOut' is clicked on

2020-12-18 01:32:59 - [MESSAGE][PASSED] - Object: 'Object Repository/YourCartPage/button_CheckOut' is clicked on

2020-12-18 01:32:59 - [TEST_STEP][PASSED] - setText(findTestObject("YourInformationPage/input_FirstName"), firstName): Text 'UI' is set on object 'Object Repository/YourInformationPage/input_FirstName'

2020-12-18 01:33:00 - [MESSAGE][PASSED] - Text 'UI' is set on object 'Object Repository/YourInformationPage/input_FirstName'

2020-12-18 01:33:00 - [TEST_STEP][PASSED] - setText(findTestObject("YourInformationPage/input_LastName"), lastName): Text 'Tester6' is set on object 'Object Repository/YourInformationPage/input_LastName'

2020-12-18 01:33:01 - [MESSAGE][PASSED] - Text 'Tester6' is set on object 'Object Repository/YourInformationPage/input_LastName'

2020-12-18 01:33:01 - [TEST_STEP][PASSED] - setText(findTestObject("YourInformationPage/input_ZipCode"), zip): Text '11111' is set on object 'Object Repository/YourInformationPage/input_ZipCode'

2020-12-18 01:33:01 - [MESSAGE][PASSED] - Text '11111' is set on object 'Object Repository/YourInformationPage/input_ZipCode'

2020-12-18 01:33:01 - [TEST_STEP][PASSED] - click(findTestObject("YourInformationPage/button_Continue")): Object: 'Object Repository/YourInformationPage/button_Continue' is clicked on

2020-12-18 01:33:02 - [MESSAGE][PASSED] - Object: 'Object Repository/YourInformationPage/button_Continue' is clicked on

2020-12-18 01:33:02 - [TEST_STEP][PASSED] - paymentInfo = getText(findTestObject("CheckoutPage/text_PaymentInfo")): Text of object 'Object Repository/CheckoutPage/text_PaymentInfo' is: 'SauceCard #31337'

2020-12-18 01:33:02 - [MESSAGE][PASSED] - Text of object 'Object Repository/CheckoutPage/text_PaymentInfo' is: 'SauceCard #31337'

2020-12-18 01:33:02 - [TEST_STEP][PASSED] - shippingInfo = getText(findTestObject("CheckoutPage/text_ShippingInfo")): Text of object 'Object Repository/CheckoutPage/text_ShippingInfo' is: 'FREE PONY EXPRESS DELIVERY!'

2020-12-18 01:33:03 - [MESSAGE][PASSED] - Text of object 'Object Repository/CheckoutPage/text_ShippingInfo' is: 'FREE PONY EXPRESS DELIVERY!'

2020-12-18 01:33:03 - [TEST_STEP][PASSED] - itemTotal = getText(findTestObject("CheckoutPage/text_ItemTotal")): Text of object 'Object Repository/CheckoutPage/text_ItemTotal' is: 'Item total: $29.99'

2020-12-18 01:33:03 - [MESSAGE][PASSED] - Text of object 'Object Repository/CheckoutPage/text_ItemTotal' is: 'Item total: $29.99'

2020-12-18 01:33:03 - [TEST_STEP][PASSED] - tax = getText(findTestObject("CheckoutPage/text_Tax")): Text of object 'Object Repository/CheckoutPage/text_Tax' is: 'Tax: $2.40'

2020-12-18 01:33:03 - [MESSAGE][PASSED] - Text of object 'Object Repository/CheckoutPage/text_Tax' is: 'Tax: $2.40'

2020-12-18 01:33:03 - [TEST_STEP][PASSED] - total = getText(findTestObject("CheckoutPage/text_Total")): Text of object 'Object Repository/CheckoutPage/text_Total' is: 'Total: $32.39'

2020-12-18 01:33:03 - [MESSAGE][PASSED] - Text of object 'Object Repository/CheckoutPage/text_Total' is: 'Total: $32.39'

2020-12-18 01:33:03 - [TEST_STEP][PASSED] - click(findTestObject("CheckoutPage/button_Finish")): Object: 'Object Repository/CheckoutPage/button_Finish' is clicked on

2020-12-18 01:33:04 - [MESSAGE][PASSED] - Object: 'Object Repository/CheckoutPage/button_Finish' is clicked on

2020-12-18 01:33:04 - [TEST_STEP][PASSED] - click(findTestObject("FinishPage/text_ThankYouForYourOrder")): Object: 'Object Repository/FinishPage/text_ThankYouForYourOrder' is clicked on

2020-12-18 01:33:04 - [MESSAGE][PASSED] - Object: 'Object Repository/FinishPage/text_ThankYouForYourOrder' is clicked on

2020-12-18 01:33:04 - [TEST_STEP][PASSED] - today = new java.util.Date(): null

2020-12-18 01:33:04 - [TEST_STEP][PASSED] - todaysDate = today.format("yyyMMMdd"): null

2020-12-18 01:33:04 - [TEST_STEP][PASSED] - nowTime = today.format("HH:mms:s"): null

2020-12-18 01:33:04 - [TEST_STEP][PASSED] - output = new java.io.File(output.txt): null

2020-12-18 01:33:04 - [TEST_STEP][PASSED] - output.createNewFile(): null

2020-12-18 01:33:04 - [TEST_STEP][PASSED] - text = text + $testID;$firstName;$lastName;$zip;$paymentInfo;$shippingInfo;$itemTotal;$tax;$total;$todaysDate;$nowTime
: null

2020-12-18 01:33:04 - [TEST_STEP][PASSED] - closeBrowser(): Browser is closed

2020-12-18 01:33:05 - [MESSAGE][PASSED] - Browser is closed]]></system-out>
         <system-err><![CDATA[]]></system-err>
      </testcase>
      <system-out><![CDATA[2020-12-18 01:30:52 - [TEST_SUITE][INCOMPLETE] - Demo: null]]></system-out>
      <system-err><![CDATA[2020-12-18 01:30:52 - [TEST_SUITE][INCOMPLETE] - Demo: null]]></system-err>
   </testsuite>
</testsuites>
